<?xml version="1.0" encoding="UTF-8"?>
<testsuite name="integrationtest.StockRestApiIntegrationTest" tests="9" skipped="0" failures="0" errors="0" timestamp="2024-02-07T23:11:37" hostname="NagasakanoMacBook-Air.local" time="5.819">
  <properties/>
  <testcase name="株式の重複登録の場合はステータスコード400とエラーメッセージが返ってくる()" classname="integrationtest.StockRestApiIntegrationTest" time="4.535"/>
  <testcase name="シンボルで指定した株式が取得できること()" classname="integrationtest.StockRestApiIntegrationTest" time="0.151"/>
  <testcase name="どれか一つだけnullではない場合その値だけが更新されていることを確認する()" classname="integrationtest.StockRestApiIntegrationTest" time="0.233"/>
  <testcase name="存在しない株式を更新するとステータスコード404とエラーメッセージが出力()" classname="integrationtest.StockRestApiIntegrationTest" time="0.142"/>
  <testcase name="全ての値がnullの場合更新されないことを確認する()" classname="integrationtest.StockRestApiIntegrationTest" time="0.142"/>
  <testcase name="存在しないシンボルを指定するとステータスコード404とエラーメッセージを取得すること()" classname="integrationtest.StockRestApiIntegrationTest" time="0.167"/>
  <testcase name="存在する株式情報を更新するとステータスコード200が出力せれ更新されているか確認すること()" classname="integrationtest.StockRestApiIntegrationTest" time="0.131"/>
  <testcase name="新規の株式がDBに登録されるとステータスコード201が返ってくる事()" classname="integrationtest.StockRestApiIntegrationTest" time="0.137"/>
  <testcase name="株式が全件取得できること()" classname="integrationtest.StockRestApiIntegrationTest" time="0.138"/>
  <system-out><![CDATA[
  .   ____          _            __ _ _
 /\\ / ___'_ __ _ _(_)_ __  __ _ \ \ \ \
( ( )\___ | '_ | '_| | '_ \/ _` | \ \ \ \
 \\/  ___)| |_)| | | | | || (_| |  ) ) ) )
  '  |____| .__|_| |_|_| |_\__, | / / / /
 =========|_|==============|___/=/_/_/_/
 :: Spring Boot ::                (v3.2.0)

2024-02-08T08:11:34.075+09:00  INFO 44027 --- [    Test worker] i.StockRestApiIntegrationTest            : Starting StockRestApiIntegrationTest using Java 21.0.1 with PID 44027 (started by daiki in /Users/daiki/projects/github-handson/Task/stock)
2024-02-08T08:11:34.085+09:00  INFO 44027 --- [    Test worker] i.StockRestApiIntegrationTest            : No active profile set, falling back to 1 default profile: "default"
2024-02-08T08:11:37.778+09:00  INFO 44027 --- [    Test worker] o.s.b.t.m.w.SpringBootMockServletContext : Initializing Spring TestDispatcherServlet ''
2024-02-08T08:11:37.779+09:00  INFO 44027 --- [    Test worker] o.s.t.web.servlet.TestDispatcherServlet  : Initializing Servlet ''
2024-02-08T08:11:37.785+09:00  INFO 44027 --- [    Test worker] o.s.t.web.servlet.TestDispatcherServlet  : Completed initialization in 3 ms
2024-02-08T08:11:37.834+09:00  INFO 44027 --- [    Test worker] i.StockRestApiIntegrationTest            : Started StockRestApiIntegrationTest in 4.471 seconds (process running for 7.926)
2024-02-08T08:11:37.890+09:00  INFO 44027 --- [    Test worker] com.zaxxer.hikari.HikariDataSource       : HikariPool-1 - Starting...
2024-02-08T08:11:39.156+09:00  INFO 44027 --- [    Test worker] com.zaxxer.hikari.pool.HikariPool        : HikariPool-1 - Added connection com.mysql.cj.jdbc.ConnectionImpl@247bbfba
2024-02-08T08:11:39.162+09:00  INFO 44027 --- [    Test worker] com.zaxxer.hikari.HikariDataSource       : HikariPool-1 - Start completed.
2024-02-08T08:11:41.296+09:00  INFO 44027 --- [    Test worker] org.dbunit.database.DatabaseConfig       : The property ending with 'schema' was not found. Please notify a dbunit developer to add the property to the class org.dbunit.database.DatabaseConfig
2024-02-08T08:11:41.297+09:00  INFO 44027 --- [    Test worker] org.dbunit.database.DatabaseConfig       : The property ending with 'prologTimeout' was not found. Please notify a dbunit developer to add the property to the class org.dbunit.database.DatabaseConfig
2024-02-08T08:11:41.298+09:00  INFO 44027 --- [    Test worker] org.dbunit.database.DatabaseConfig       : The property ending with 'replacers' was not found. Please notify a dbunit developer to add the property to the class org.dbunit.database.DatabaseConfig
2024-02-08T08:11:41.307+09:00  INFO 44027 --- [    Test worker] c.g.d.r.c.dataset.DataSetExecutorImpl    : DBUnit configuration for dataset executor 'default':cacheConnection: false
cacheTableNames: false
caseInsensitiveStrategy: LOWERCASE
columnSensing: false
leakHunter: false
mergeDataSets: false
mergingStrategy: METHOD
disableSequenceFiltering: false
alwaysCleanBefore: false
alwaysCleanAfter: false
raiseExceptionOnCleanUp: false
disablePKCheckFor: com.github.database.rider.core.configuration.DBUnitConfig@cf912085
schema: stock_list
tableType: [TABLE]
allowEmptyFields: false
fetchSize: 100
qualifiedTableNames: false
prologTimeout: 1000
batchSize: 100
batchedStatements: false
caseSensitiveTableNames: false
replacers: [com.github.database.rider.core.replacers.DateTimeReplacer@40fcaae7, com.github.database.rider.core.replacers.UnixTimestampReplacer@7fa85a55, com.github.database.rider.core.replacers.NullReplacer@cb1c58c]

2024-02-08T08:11:42.373+09:00  INFO 44027 --- [    Test worker] org.dbunit.database.DatabaseConfig       : The property ending with 'schema' was not found. Please notify a dbunit developer to add the property to the class org.dbunit.database.DatabaseConfig
2024-02-08T08:11:42.374+09:00  INFO 44027 --- [    Test worker] org.dbunit.database.DatabaseConfig       : The property ending with 'prologTimeout' was not found. Please notify a dbunit developer to add the property to the class org.dbunit.database.DatabaseConfig
2024-02-08T08:11:42.374+09:00  INFO 44027 --- [    Test worker] org.dbunit.database.DatabaseConfig       : The property ending with 'replacers' was not found. Please notify a dbunit developer to add the property to the class org.dbunit.database.DatabaseConfig
2024-02-08T08:11:42.426+09:00  INFO 44027 --- [    Test worker] org.dbunit.database.DatabaseConfig       : The property ending with 'schema' was not found. Please notify a dbunit developer to add the property to the class org.dbunit.database.DatabaseConfig
2024-02-08T08:11:42.426+09:00  INFO 44027 --- [    Test worker] org.dbunit.database.DatabaseConfig       : The property ending with 'prologTimeout' was not found. Please notify a dbunit developer to add the property to the class org.dbunit.database.DatabaseConfig
2024-02-08T08:11:42.427+09:00  INFO 44027 --- [    Test worker] org.dbunit.database.DatabaseConfig       : The property ending with 'replacers' was not found. Please notify a dbunit developer to add the property to the class org.dbunit.database.DatabaseConfig
2024-02-08T08:11:42.548+09:00  INFO 44027 --- [    Test worker] org.dbunit.database.DatabaseConfig       : The property ending with 'schema' was not found. Please notify a dbunit developer to add the property to the class org.dbunit.database.DatabaseConfig
2024-02-08T08:11:42.549+09:00  INFO 44027 --- [    Test worker] org.dbunit.database.DatabaseConfig       : The property ending with 'prologTimeout' was not found. Please notify a dbunit developer to add the property to the class org.dbunit.database.DatabaseConfig
2024-02-08T08:11:42.549+09:00  INFO 44027 --- [    Test worker] org.dbunit.database.DatabaseConfig       : The property ending with 'replacers' was not found. Please notify a dbunit developer to add the property to the class org.dbunit.database.DatabaseConfig
2024-02-08T08:11:42.581+09:00  INFO 44027 --- [    Test worker] org.dbunit.database.DatabaseConfig       : The property ending with 'schema' was not found. Please notify a dbunit developer to add the property to the class org.dbunit.database.DatabaseConfig
2024-02-08T08:11:42.582+09:00  INFO 44027 --- [    Test worker] org.dbunit.database.DatabaseConfig       : The property ending with 'prologTimeout' was not found. Please notify a dbunit developer to add the property to the class org.dbunit.database.DatabaseConfig
2024-02-08T08:11:42.582+09:00  INFO 44027 --- [    Test worker] org.dbunit.database.DatabaseConfig       : The property ending with 'replacers' was not found. Please notify a dbunit developer to add the property to the class org.dbunit.database.DatabaseConfig
2024-02-08T08:11:42.783+09:00  INFO 44027 --- [    Test worker] org.dbunit.database.DatabaseConfig       : The property ending with 'schema' was not found. Please notify a dbunit developer to add the property to the class org.dbunit.database.DatabaseConfig
2024-02-08T08:11:42.783+09:00  INFO 44027 --- [    Test worker] org.dbunit.database.DatabaseConfig       : The property ending with 'prologTimeout' was not found. Please notify a dbunit developer to add the property to the class org.dbunit.database.DatabaseConfig
2024-02-08T08:11:42.784+09:00  INFO 44027 --- [    Test worker] org.dbunit.database.DatabaseConfig       : The property ending with 'replacers' was not found. Please notify a dbunit developer to add the property to the class org.dbunit.database.DatabaseConfig
2024-02-08T08:11:42.820+09:00  INFO 44027 --- [    Test worker] org.dbunit.database.DatabaseConfig       : The property ending with 'schema' was not found. Please notify a dbunit developer to add the property to the class org.dbunit.database.DatabaseConfig
2024-02-08T08:11:42.821+09:00  INFO 44027 --- [    Test worker] org.dbunit.database.DatabaseConfig       : The property ending with 'prologTimeout' was not found. Please notify a dbunit developer to add the property to the class org.dbunit.database.DatabaseConfig
2024-02-08T08:11:42.822+09:00  INFO 44027 --- [    Test worker] org.dbunit.database.DatabaseConfig       : The property ending with 'replacers' was not found. Please notify a dbunit developer to add the property to the class org.dbunit.database.DatabaseConfig
2024-02-08T08:11:42.928+09:00  INFO 44027 --- [    Test worker] org.dbunit.database.DatabaseConfig       : The property ending with 'schema' was not found. Please notify a dbunit developer to add the property to the class org.dbunit.database.DatabaseConfig
2024-02-08T08:11:42.928+09:00  INFO 44027 --- [    Test worker] org.dbunit.database.DatabaseConfig       : The property ending with 'prologTimeout' was not found. Please notify a dbunit developer to add the property to the class org.dbunit.database.DatabaseConfig
2024-02-08T08:11:42.929+09:00  INFO 44027 --- [    Test worker] org.dbunit.database.DatabaseConfig       : The property ending with 'replacers' was not found. Please notify a dbunit developer to add the property to the class org.dbunit.database.DatabaseConfig
2024-02-08T08:11:42.971+09:00  INFO 44027 --- [    Test worker] org.dbunit.database.DatabaseConfig       : The property ending with 'schema' was not found. Please notify a dbunit developer to add the property to the class org.dbunit.database.DatabaseConfig
2024-02-08T08:11:42.971+09:00  INFO 44027 --- [    Test worker] org.dbunit.database.DatabaseConfig       : The property ending with 'prologTimeout' was not found. Please notify a dbunit developer to add the property to the class org.dbunit.database.DatabaseConfig
2024-02-08T08:11:42.972+09:00  INFO 44027 --- [    Test worker] org.dbunit.database.DatabaseConfig       : The property ending with 'replacers' was not found. Please notify a dbunit developer to add the property to the class org.dbunit.database.DatabaseConfig
2024-02-08T08:11:43.082+09:00  INFO 44027 --- [    Test worker] org.dbunit.database.DatabaseConfig       : The property ending with 'schema' was not found. Please notify a dbunit developer to add the property to the class org.dbunit.database.DatabaseConfig
2024-02-08T08:11:43.082+09:00  INFO 44027 --- [    Test worker] org.dbunit.database.DatabaseConfig       : The property ending with 'prologTimeout' was not found. Please notify a dbunit developer to add the property to the class org.dbunit.database.DatabaseConfig
2024-02-08T08:11:43.082+09:00  INFO 44027 --- [    Test worker] org.dbunit.database.DatabaseConfig       : The property ending with 'replacers' was not found. Please notify a dbunit developer to add the property to the class org.dbunit.database.DatabaseConfig
2024-02-08T08:11:43.121+09:00  INFO 44027 --- [    Test worker] org.dbunit.database.DatabaseConfig       : The property ending with 'schema' was not found. Please notify a dbunit developer to add the property to the class org.dbunit.database.DatabaseConfig
2024-02-08T08:11:43.122+09:00  INFO 44027 --- [    Test worker] org.dbunit.database.DatabaseConfig       : The property ending with 'prologTimeout' was not found. Please notify a dbunit developer to add the property to the class org.dbunit.database.DatabaseConfig
2024-02-08T08:11:43.123+09:00  INFO 44027 --- [    Test worker] org.dbunit.database.DatabaseConfig       : The property ending with 'replacers' was not found. Please notify a dbunit developer to add the property to the class org.dbunit.database.DatabaseConfig
2024-02-08T08:11:43.256+09:00  INFO 44027 --- [    Test worker] org.dbunit.database.DatabaseConfig       : The property ending with 'schema' was not found. Please notify a dbunit developer to add the property to the class org.dbunit.database.DatabaseConfig
2024-02-08T08:11:43.256+09:00  INFO 44027 --- [    Test worker] org.dbunit.database.DatabaseConfig       : The property ending with 'prologTimeout' was not found. Please notify a dbunit developer to add the property to the class org.dbunit.database.DatabaseConfig
2024-02-08T08:11:43.256+09:00  INFO 44027 --- [    Test worker] org.dbunit.database.DatabaseConfig       : The property ending with 'replacers' was not found. Please notify a dbunit developer to add the property to the class org.dbunit.database.DatabaseConfig
2024-02-08T08:11:43.292+09:00  INFO 44027 --- [    Test worker] org.dbunit.database.DatabaseConfig       : The property ending with 'schema' was not found. Please notify a dbunit developer to add the property to the class org.dbunit.database.DatabaseConfig
2024-02-08T08:11:43.292+09:00  INFO 44027 --- [    Test worker] org.dbunit.database.DatabaseConfig       : The property ending with 'prologTimeout' was not found. Please notify a dbunit developer to add the property to the class org.dbunit.database.DatabaseConfig
2024-02-08T08:11:43.295+09:00  INFO 44027 --- [    Test worker] org.dbunit.database.DatabaseConfig       : The property ending with 'replacers' was not found. Please notify a dbunit developer to add the property to the class org.dbunit.database.DatabaseConfig
2024-02-08T08:11:43.397+09:00  INFO 44027 --- [    Test worker] org.dbunit.database.DatabaseConfig       : The property ending with 'schema' was not found. Please notify a dbunit developer to add the property to the class org.dbunit.database.DatabaseConfig
2024-02-08T08:11:43.397+09:00  INFO 44027 --- [    Test worker] org.dbunit.database.DatabaseConfig       : The property ending with 'prologTimeout' was not found. Please notify a dbunit developer to add the property to the class org.dbunit.database.DatabaseConfig
2024-02-08T08:11:43.398+09:00  INFO 44027 --- [    Test worker] org.dbunit.database.DatabaseConfig       : The property ending with 'replacers' was not found. Please notify a dbunit developer to add the property to the class org.dbunit.database.DatabaseConfig
2024-02-08T08:11:43.425+09:00  INFO 44027 --- [    Test worker] org.dbunit.database.DatabaseConfig       : The property ending with 'schema' was not found. Please notify a dbunit developer to add the property to the class org.dbunit.database.DatabaseConfig
2024-02-08T08:11:43.425+09:00  INFO 44027 --- [    Test worker] org.dbunit.database.DatabaseConfig       : The property ending with 'prologTimeout' was not found. Please notify a dbunit developer to add the property to the class org.dbunit.database.DatabaseConfig
2024-02-08T08:11:43.425+09:00  INFO 44027 --- [    Test worker] org.dbunit.database.DatabaseConfig       : The property ending with 'replacers' was not found. Please notify a dbunit developer to add the property to the class org.dbunit.database.DatabaseConfig
2024-02-08T08:11:43.535+09:00  INFO 44027 --- [    Test worker] org.dbunit.database.DatabaseConfig       : The property ending with 'schema' was not found. Please notify a dbunit developer to add the property to the class org.dbunit.database.DatabaseConfig
2024-02-08T08:11:43.536+09:00  INFO 44027 --- [    Test worker] org.dbunit.database.DatabaseConfig       : The property ending with 'prologTimeout' was not found. Please notify a dbunit developer to add the property to the class org.dbunit.database.DatabaseConfig
2024-02-08T08:11:43.536+09:00  INFO 44027 --- [    Test worker] org.dbunit.database.DatabaseConfig       : The property ending with 'replacers' was not found. Please notify a dbunit developer to add the property to the class org.dbunit.database.DatabaseConfig
2024-02-08T08:11:43.565+09:00  INFO 44027 --- [    Test worker] org.dbunit.database.DatabaseConfig       : The property ending with 'schema' was not found. Please notify a dbunit developer to add the property to the class org.dbunit.database.DatabaseConfig
2024-02-08T08:11:43.566+09:00  INFO 44027 --- [    Test worker] org.dbunit.database.DatabaseConfig       : The property ending with 'prologTimeout' was not found. Please notify a dbunit developer to add the property to the class org.dbunit.database.DatabaseConfig
2024-02-08T08:11:43.566+09:00  INFO 44027 --- [    Test worker] org.dbunit.database.DatabaseConfig       : The property ending with 'replacers' was not found. Please notify a dbunit developer to add the property to the class org.dbunit.database.DatabaseConfig
2024-02-08T08:11:43.658+09:00  INFO 44027 --- [    Test worker] org.dbunit.database.DatabaseConfig       : The property ending with 'schema' was not found. Please notify a dbunit developer to add the property to the class org.dbunit.database.DatabaseConfig
2024-02-08T08:11:43.658+09:00  INFO 44027 --- [    Test worker] org.dbunit.database.DatabaseConfig       : The property ending with 'prologTimeout' was not found. Please notify a dbunit developer to add the property to the class org.dbunit.database.DatabaseConfig
2024-02-08T08:11:43.659+09:00  INFO 44027 --- [    Test worker] org.dbunit.database.DatabaseConfig       : The property ending with 'replacers' was not found. Please notify a dbunit developer to add the property to the class org.dbunit.database.DatabaseConfig
]]></system-out>
  <system-err><![CDATA[WARNING: A Java agent has been loaded dynamically (/Users/daiki/.gradle/caches/modules-2/files-2.1/net.bytebuddy/byte-buddy-agent/1.14.10/90ed94ac044ea8953b224304c762316e91fd6b31/byte-buddy-agent-1.14.10.jar)
WARNING: If a serviceability tool is in use, please run with -XX:+EnableDynamicAgentLoading to hide this warning
WARNING: If a serviceability tool is not in use, please run with -Djdk.instrument.traceUsage for more information
WARNING: Dynamic loading of agents will be disallowed by default in a future release
]]></system-err>
</testsuite>
